{"/workspace/project/folio/src/hooks/use-mobile.tsx": {"path":"/workspace/project/folio/src/hooks/use-mobile.tsx","statementMap":{"0":{"start":{"line":3,"column":26},"end":{"line":3,"column":null}},"1":{"start":{"line":6,"column":34},"end":{"line":6,"column":null}},"2":{"start":{"line":8,"column":2},"end":{"line":16,"column":null}},"3":{"start":{"line":9,"column":16},"end":{"line":9,"column":null}},"4":{"start":{"line":10,"column":21},"end":{"line":12,"column":null}},"5":{"start":{"line":11,"column":6},"end":{"line":11,"column":null}},"6":{"start":{"line":13,"column":4},"end":{"line":13,"column":null}},"7":{"start":{"line":14,"column":4},"end":{"line":14,"column":null}},"8":{"start":{"line":15,"column":4},"end":{"line":15,"column":null}},"9":{"start":{"line":15,"column":17},"end":{"line":15,"column":null}},"10":{"start":{"line":18,"column":2},"end":{"line":18,"column":null}}},"fnMap":{"0":{"name":"useIsMobile","decl":{"start":{"line":5,"column":16},"end":{"line":5,"column":null}},"loc":{"start":{"line":5,"column":16},"end":{"line":19,"column":null}},"line":5},"1":{"name":"(anonymous_1)","decl":{"start":{"line":8,"column":18},"end":{"line":8,"column":null}},"loc":{"start":{"line":8,"column":18},"end":{"line":16,"column":5}},"line":8},"2":{"name":"(anonymous_2)","decl":{"start":{"line":10,"column":21},"end":{"line":10,"column":null}},"loc":{"start":{"line":10,"column":21},"end":{"line":12,"column":null}},"line":10},"3":{"name":"(anonymous_3)","decl":{"start":{"line":15,"column":11},"end":{"line":15,"column":17}},"loc":{"start":{"line":15,"column":17},"end":{"line":15,"column":null}},"line":15}},"branchMap":{},"s":{"0":1,"1":15,"2":15,"3":7,"4":7,"5":1,"6":7,"7":7,"8":7,"9":7,"10":15},"f":{"0":15,"1":7,"2":1,"3":7},"b":{},"meta":{"lastBranch":0,"lastFunction":4,"lastStatement":11,"seen":{"s:3:26:3:Infinity":0,"f:5:16:5:Infinity":0,"s:6:34:6:Infinity":1,"s:8:2:16:Infinity":2,"f:8:18:8:Infinity":1,"s:9:16:9:Infinity":3,"s:10:21:12:Infinity":4,"f:10:21:10:Infinity":2,"s:11:6:11:Infinity":5,"s:13:4:13:Infinity":6,"s:14:4:14:Infinity":7,"s:15:4:15:Infinity":8,"f:15:11:15:17":3,"s:15:17:15:Infinity":9,"s:18:2:18:Infinity":10}}}
,"/workspace/project/folio/src/hooks/use-toast.ts": {"path":"/workspace/project/folio/src/hooks/use-toast.ts","statementMap":{"0":{"start":{"line":8,"column":20},"end":{"line":8,"column":null}},"1":{"start":{"line":9,"column":27},"end":{"line":9,"column":null}},"2":{"start":{"line":18,"column":20},"end":{"line":23,"column":null}},"3":{"start":{"line":25,"column":12},"end":{"line":25,"column":null}},"4":{"start":{"line":28,"column":2},"end":{"line":28,"column":null}},"5":{"start":{"line":29,"column":2},"end":{"line":29,"column":null}},"6":{"start":{"line":56,"column":22},"end":{"line":56,"column":null}},"7":{"start":{"line":58,"column":25},"end":{"line":72,"column":null}},"8":{"start":{"line":59,"column":2},"end":{"line":61,"column":null}},"9":{"start":{"line":60,"column":4},"end":{"line":60,"column":null}},"10":{"start":{"line":63,"column":18},"end":{"line":69,"column":null}},"11":{"start":{"line":64,"column":4},"end":{"line":64,"column":null}},"12":{"start":{"line":65,"column":4},"end":{"line":68,"column":null}},"13":{"start":{"line":71,"column":2},"end":{"line":71,"column":null}},"14":{"start":{"line":74,"column":23},"end":{"line":127,"column":null}},"15":{"start":{"line":75,"column":2},"end":{"line":126,"column":null}},"16":{"start":{"line":77,"column":6},"end":{"line":80,"column":null}},"17":{"start":{"line":83,"column":6},"end":{"line":88,"column":null}},"18":{"start":{"line":86,"column":10},"end":{"line":86,"column":null}},"19":{"start":{"line":91,"column":26},"end":{"line":91,"column":null}},"20":{"start":{"line":95,"column":6},"end":{"line":101,"column":null}},"21":{"start":{"line":96,"column":8},"end":{"line":96,"column":null}},"22":{"start":{"line":98,"column":8},"end":{"line":100,"column":null}},"23":{"start":{"line":99,"column":10},"end":{"line":99,"column":null}},"24":{"start":{"line":103,"column":6},"end":{"line":113,"column":null}},"25":{"start":{"line":106,"column":10},"end":{"line":111,"column":null}},"26":{"start":{"line":116,"column":6},"end":{"line":121,"column":null}},"27":{"start":{"line":117,"column":8},"end":{"line":120,"column":null}},"28":{"start":{"line":122,"column":6},"end":{"line":125,"column":null}},"29":{"start":{"line":124,"column":43},"end":{"line":124,"column":66}},"30":{"start":{"line":129,"column":49},"end":{"line":129,"column":51}},"31":{"start":{"line":131,"column":25},"end":{"line":131,"column":null}},"32":{"start":{"line":134,"column":2},"end":{"line":134,"column":null}},"33":{"start":{"line":135,"column":2},"end":{"line":137,"column":null}},"34":{"start":{"line":136,"column":4},"end":{"line":136,"column":null}},"35":{"start":{"line":143,"column":13},"end":{"line":143,"column":null}},"36":{"start":{"line":145,"column":17},"end":{"line":149,"column":null}},"37":{"start":{"line":146,"column":4},"end":{"line":149,"column":null}},"38":{"start":{"line":150,"column":18},"end":{"line":150,"column":null}},"39":{"start":{"line":150,"column":24},"end":{"line":150,"column":null}},"40":{"start":{"line":152,"column":2},"end":{"line":162,"column":null}},"41":{"start":{"line":159,"column":8},"end":{"line":159,"column":null}},"42":{"start":{"line":159,"column":19},"end":{"line":159,"column":null}},"43":{"start":{"line":164,"column":2},"end":{"line":168,"column":null}},"44":{"start":{"line":172,"column":28},"end":{"line":172,"column":null}},"45":{"start":{"line":174,"column":2},"end":{"line":182,"column":null}},"46":{"start":{"line":175,"column":4},"end":{"line":175,"column":null}},"47":{"start":{"line":176,"column":4},"end":{"line":181,"column":null}},"48":{"start":{"line":177,"column":20},"end":{"line":177,"column":null}},"49":{"start":{"line":178,"column":6},"end":{"line":180,"column":null}},"50":{"start":{"line":179,"column":8},"end":{"line":179,"column":null}},"51":{"start":{"line":184,"column":2},"end":{"line":188,"column":null}},"52":{"start":{"line":187,"column":35},"end":{"line":187,"column":null}}},"fnMap":{"0":{"name":"genId","decl":{"start":{"line":27,"column":9},"end":{"line":27,"column":null}},"loc":{"start":{"line":27,"column":9},"end":{"line":30,"column":null}},"line":27},"1":{"name":"(anonymous_1)","decl":{"start":{"line":58,"column":25},"end":{"line":58,"column":26}},"loc":{"start":{"line":58,"column":26},"end":{"line":72,"column":null}},"line":58},"2":{"name":"(anonymous_2)","decl":{"start":{"line":63,"column":29},"end":{"line":63,"column":null}},"loc":{"start":{"line":63,"column":29},"end":{"line":69,"column":5}},"line":63},"3":{"name":"(anonymous_3)","decl":{"start":{"line":74,"column":23},"end":{"line":74,"column":24}},"loc":{"start":{"line":74,"column":38},"end":{"line":127,"column":null}},"line":74},"4":{"name":"(anonymous_4)","decl":{"start":{"line":85,"column":33},"end":{"line":85,"column":34}},"loc":{"start":{"line":86,"column":10},"end":{"line":86,"column":null}},"line":86},"5":{"name":"(anonymous_5)","decl":{"start":{"line":98,"column":29},"end":{"line":98,"column":30}},"loc":{"start":{"line":98,"column":30},"end":{"line":100,"column":null}},"line":98},"6":{"name":"(anonymous_6)","decl":{"start":{"line":105,"column":33},"end":{"line":105,"column":34}},"loc":{"start":{"line":106,"column":10},"end":{"line":111,"column":null}},"line":106},"7":{"name":"(anonymous_7)","decl":{"start":{"line":124,"column":36},"end":{"line":124,"column":37}},"loc":{"start":{"line":124,"column":43},"end":{"line":124,"column":66}},"line":124},"8":{"name":"dispatch","decl":{"start":{"line":133,"column":9},"end":{"line":133,"column":18}},"loc":{"start":{"line":133,"column":32},"end":{"line":138,"column":null}},"line":133},"9":{"name":"(anonymous_9)","decl":{"start":{"line":135,"column":20},"end":{"line":135,"column":21}},"loc":{"start":{"line":135,"column":21},"end":{"line":137,"column":null}},"line":135},"10":{"name":"toast","decl":{"start":{"line":142,"column":9},"end":{"line":142,"column":15}},"loc":{"start":{"line":142,"column":34},"end":{"line":169,"column":null}},"line":142},"11":{"name":"(anonymous_11)","decl":{"start":{"line":145,"column":17},"end":{"line":145,"column":18}},"loc":{"start":{"line":146,"column":4},"end":{"line":149,"column":null}},"line":146},"12":{"name":"(anonymous_12)","decl":{"start":{"line":150,"column":18},"end":{"line":150,"column":24}},"loc":{"start":{"line":150,"column":24},"end":{"line":150,"column":null}},"line":150},"13":{"name":"(anonymous_13)","decl":{"start":{"line":158,"column":20},"end":{"line":158,"column":21}},"loc":{"start":{"line":158,"column":21},"end":{"line":160,"column":null}},"line":158},"14":{"name":"useToast","decl":{"start":{"line":171,"column":9},"end":{"line":171,"column":null}},"loc":{"start":{"line":171,"column":9},"end":{"line":189,"column":null}},"line":171},"15":{"name":"(anonymous_15)","decl":{"start":{"line":174,"column":18},"end":{"line":174,"column":null}},"loc":{"start":{"line":174,"column":18},"end":{"line":182,"column":5}},"line":174},"16":{"name":"(anonymous_16)","decl":{"start":{"line":176,"column":11},"end":{"line":176,"column":null}},"loc":{"start":{"line":176,"column":11},"end":{"line":181,"column":null}},"line":176},"17":{"name":"(anonymous_17)","decl":{"start":{"line":187,"column":13},"end":{"line":187,"column":14}},"loc":{"start":{"line":187,"column":35},"end":{"line":187,"column":null}},"line":187}},"branchMap":{"0":{"loc":{"start":{"line":59,"column":2},"end":{"line":61,"column":null}},"type":"if","locations":[{"start":{"line":59,"column":2},"end":{"line":61,"column":null}},{"start":{},"end":{}}],"line":59},"1":{"loc":{"start":{"line":75,"column":2},"end":{"line":126,"column":null}},"type":"switch","locations":[{"start":{"line":76,"column":4},"end":{"line":80,"column":null}},{"start":{"line":82,"column":4},"end":{"line":88,"column":null}},{"start":{"line":90,"column":4},"end":{"line":114,"column":null}},{"start":{"line":115,"column":4},"end":{"line":125,"column":null}}],"line":75},"2":{"loc":{"start":{"line":86,"column":10},"end":{"line":86,"column":null}},"type":"cond-expr","locations":[{"start":{"line":86,"column":37},"end":{"line":86,"column":65}},{"start":{"line":86,"column":65},"end":{"line":86,"column":null}}],"line":86},"3":{"loc":{"start":{"line":95,"column":6},"end":{"line":101,"column":null}},"type":"if","locations":[{"start":{"line":95,"column":6},"end":{"line":101,"column":null}},{"start":{"line":97,"column":13},"end":{"line":101,"column":null}}],"line":95},"4":{"loc":{"start":{"line":106,"column":10},"end":{"line":111,"column":null}},"type":"cond-expr","locations":[{"start":{"line":107,"column":14},"end":{"line":110,"column":null}},{"start":{"line":111,"column":14},"end":{"line":111,"column":null}}],"line":106},"5":{"loc":{"start":{"line":106,"column":10},"end":{"line":106,"column":null}},"type":"binary-expr","locations":[{"start":{"line":106,"column":10},"end":{"line":106,"column":30}},{"start":{"line":106,"column":30},"end":{"line":106,"column":null}}],"line":106},"6":{"loc":{"start":{"line":116,"column":6},"end":{"line":121,"column":null}},"type":"if","locations":[{"start":{"line":116,"column":6},"end":{"line":121,"column":null}},{"start":{},"end":{}}],"line":116},"7":{"loc":{"start":{"line":159,"column":8},"end":{"line":159,"column":null}},"type":"if","locations":[{"start":{"line":159,"column":8},"end":{"line":159,"column":null}},{"start":{},"end":{}}],"line":159},"8":{"loc":{"start":{"line":178,"column":6},"end":{"line":180,"column":null}},"type":"if","locations":[{"start":{"line":178,"column":6},"end":{"line":180,"column":null}},{"start":{},"end":{}}],"line":178}},"s":{"0":1,"1":1,"2":1,"3":1,"4":5,"5":5,"6":1,"7":1,"8":4,"9":1,"10":3,"11":0,"12":0,"13":3,"14":1,"15":16,"16":8,"17":3,"18":3,"19":3,"20":3,"21":2,"22":1,"23":2,"24":3,"25":5,"26":2,"27":1,"28":1,"29":2,"30":1,"31":1,"32":7,"33":7,"34":0,"35":5,"36":5,"37":1,"38":5,"39":1,"40":5,"41":0,"42":0,"43":5,"44":0,"45":0,"46":0,"47":0,"48":0,"49":0,"50":0,"51":0,"52":0},"f":{"0":5,"1":4,"2":0,"3":16,"4":3,"5":2,"6":5,"7":2,"8":7,"9":0,"10":5,"11":1,"12":1,"13":0,"14":0,"15":0,"16":0,"17":0},"b":{"0":[1,3],"1":[8,3,3,2],"2":[2,1],"3":[2,1],"4":[4,1],"5":[5,3],"6":[1,1],"7":[0,0],"8":[0,0]},"meta":{"lastBranch":9,"lastFunction":18,"lastStatement":53,"seen":{"s:8:20:8:Infinity":0,"s:9:27:9:Infinity":1,"s:18:20:23:Infinity":2,"s:25:12:25:Infinity":3,"f:27:9:27:Infinity":0,"s:28:2:28:Infinity":4,"s:29:2:29:Infinity":5,"s:56:22:56:Infinity":6,"s:58:25:72:Infinity":7,"f:58:25:58:26":1,"b:59:2:61:Infinity:undefined:undefined:undefined:undefined":0,"s:59:2:61:Infinity":8,"s:60:4:60:Infinity":9,"s:63:18:69:Infinity":10,"f:63:29:63:Infinity":2,"s:64:4:64:Infinity":11,"s:65:4:68:Infinity":12,"s:71:2:71:Infinity":13,"s:74:23:127:Infinity":14,"f:74:23:74:24":3,"b:76:4:80:Infinity:82:4:88:Infinity:90:4:114:Infinity:115:4:125:Infinity":1,"s:75:2:126:Infinity":15,"s:77:6:80:Infinity":16,"s:83:6:88:Infinity":17,"f:85:33:85:34":4,"s:86:10:86:Infinity":18,"b:86:37:86:65:86:65:86:Infinity":2,"s:91:26:91:Infinity":19,"b:95:6:101:Infinity:97:13:101:Infinity":3,"s:95:6:101:Infinity":20,"s:96:8:96:Infinity":21,"s:98:8:100:Infinity":22,"f:98:29:98:30":5,"s:99:10:99:Infinity":23,"s:103:6:113:Infinity":24,"f:105:33:105:34":6,"s:106:10:111:Infinity":25,"b:107:14:110:Infinity:111:14:111:Infinity":4,"b:106:10:106:30:106:30:106:Infinity":5,"b:116:6:121:Infinity:undefined:undefined:undefined:undefined":6,"s:116:6:121:Infinity":26,"s:117:8:120:Infinity":27,"s:122:6:125:Infinity":28,"f:124:36:124:37":7,"s:124:43:124:66":29,"s:129:49:129:51":30,"s:131:25:131:Infinity":31,"f:133:9:133:18":8,"s:134:2:134:Infinity":32,"s:135:2:137:Infinity":33,"f:135:20:135:21":9,"s:136:4:136:Infinity":34,"f:142:9:142:15":10,"s:143:13:143:Infinity":35,"s:145:17:149:Infinity":36,"f:145:17:145:18":11,"s:146:4:149:Infinity":37,"s:150:18:150:Infinity":38,"f:150:18:150:24":12,"s:150:24:150:Infinity":39,"s:152:2:162:Infinity":40,"f:158:20:158:21":13,"b:159:8:159:Infinity:undefined:undefined:undefined:undefined":7,"s:159:8:159:Infinity":41,"s:159:19:159:Infinity":42,"s:164:2:168:Infinity":43,"f:171:9:171:Infinity":14,"s:172:28:172:Infinity":44,"s:174:2:182:Infinity":45,"f:174:18:174:Infinity":15,"s:175:4:175:Infinity":46,"s:176:4:181:Infinity":47,"f:176:11:176:Infinity":16,"s:177:20:177:Infinity":48,"b:178:6:180:Infinity:undefined:undefined:undefined:undefined":8,"s:178:6:180:Infinity":49,"s:179:8:179:Infinity":50,"s:184:2:188:Infinity":51,"f:187:13:187:14":17,"s:187:35:187:Infinity":52}}}
,"/workspace/project/folio/src/lib/utils.ts": {"path":"/workspace/project/folio/src/lib/utils.ts","statementMap":{"0":{"start":{"line":5,"column":2},"end":{"line":5,"column":null}}},"fnMap":{"0":{"name":"cn","decl":{"start":{"line":4,"column":16},"end":{"line":4,"column":19}},"loc":{"start":{"line":4,"column":42},"end":{"line":6,"column":null}},"line":4}},"branchMap":{},"s":{"0":12},"f":{"0":12},"b":{},"meta":{"lastBranch":0,"lastFunction":1,"lastStatement":1,"seen":{"f:4:16:4:19":0,"s:5:2:5:Infinity":0}}}
,"/workspace/project/folio/src/pages/Index.tsx": {"path":"/workspace/project/folio/src/pages/Index.tsx","statementMap":{"0":{"start":{"line":6,"column":14},"end":{"line":51,"column":null}},"1":{"start":{"line":7,"column":27},"end":{"line":7,"column":null}},"2":{"start":{"line":8,"column":16},"end":{"line":8,"column":null}},"3":{"start":{"line":10,"column":20},"end":{"line":15,"column":null}},"4":{"start":{"line":11,"column":4},"end":{"line":11,"column":null}},"5":{"start":{"line":12,"column":4},"end":{"line":12,"column":null}},"6":{"start":{"line":13,"column":4},"end":{"line":13,"column":null}},"7":{"start":{"line":14,"column":4},"end":{"line":14,"column":null}},"8":{"start":{"line":14,"column":21},"end":{"line":14,"column":39}}},"fnMap":{"0":{"name":"(anonymous_0)","decl":{"start":{"line":6,"column":14},"end":{"line":6,"column":null}},"loc":{"start":{"line":6,"column":14},"end":{"line":51,"column":null}},"line":6},"1":{"name":"(anonymous_1)","decl":{"start":{"line":10,"column":20},"end":{"line":10,"column":null}},"loc":{"start":{"line":10,"column":20},"end":{"line":15,"column":null}},"line":10},"2":{"name":"(anonymous_2)","decl":{"start":{"line":14,"column":15},"end":{"line":14,"column":21}},"loc":{"start":{"line":14,"column":21},"end":{"line":14,"column":39}},"line":14}},"branchMap":{},"s":{"0":1,"1":19,"2":19,"3":19,"4":7,"5":7,"6":7,"7":7,"8":1},"f":{"0":19,"1":7,"2":1},"b":{},"meta":{"lastBranch":0,"lastFunction":3,"lastStatement":9,"seen":{"s:6:14:51:Infinity":0,"f:6:14:6:Infinity":0,"s:7:27:7:Infinity":1,"s:8:16:8:Infinity":2,"s:10:20:15:Infinity":3,"f:10:20:10:Infinity":1,"s:11:4:11:Infinity":4,"s:12:4:12:Infinity":5,"s:13:4:13:Infinity":6,"s:14:4:14:Infinity":7,"f:14:15:14:21":2,"s:14:21:14:39":8}}}
}
